-------------------------------------------------------------------------------
>Log Session: Thursday, August 17, 2017 5:37:02 PM COT
>System Info: 
  Product Version         = NetBeans IDE 8.0.1 (Build 201408251540) (#bf8eac8b4a82)
  Operating System        = Windows 2003 version 5.2 running on x86
  Java; VM; Vendor        = 1.8.0_92; Java HotSpot(TM) Client VM 25.92-b14; Oracle Corporation
  Runtime                 = Java(TM) SE Runtime Environment 1.8.0_92-b14
  Java Home               = C:\jdk1.8.0_92\jre
  System Locale; Encoding = en_US (nb); Cp1252
  Home Directory          = C:\Documents and Settings\Administrator
  Current Directory       = C:\NetBeans 8.0.1
  User Directory          = C:\Documents and Settings\Administrator\Local Settings\Temp\tmpnb
  Cache Directory         = C:\Documents and Settings\Administrator\Local Settings\Temp\tmpnb\var\cache
  Installation            = C:\NetBeans 8.0.1\nb
                            C:\NetBeans 8.0.1\ergonomics
                            C:\NetBeans 8.0.1\ide
                            C:\NetBeans 8.0.1\extide
                            C:\NetBeans 8.0.1\java
                            C:\NetBeans 8.0.1\apisupport
                            C:\NetBeans 8.0.1\webcommon
                            C:\NetBeans 8.0.1\websvccommon
                            C:\NetBeans 8.0.1\enterprise
                            C:\NetBeans 8.0.1\mobility
                            C:\NetBeans 8.0.1\profiler
                            C:\NetBeans 8.0.1\harness
                            C:\NetBeans 8.0.1\groovy
                            C:\NetBeans 8.0.1\javacard
                            C:\NetBeans 8.0.1\javafx
                            C:\NetBeans 8.0.1\platform
  Boot & Ext. Classpath   = C:\jdk1.8.0_92\jre\lib\resources.jar;C:\jdk1.8.0_92\jre\lib\rt.jar;C:\jdk1.8.0_92\jre\lib\sunrsasign.jar;C:\jdk1.8.0_92\jre\lib\jsse.jar;C:\jdk1.8.0_92\jre\lib\jce.jar;C:\jdk1.8.0_92\jre\lib\charsets.jar;C:\jdk1.8.0_92\jre\lib\jfr.jar;C:\jdk1.8.0_92\jre\classes;C:\jdk1.8.0_92\jre\lib\ext\access-bridge.jar;C:\jdk1.8.0_92\jre\lib\ext\cldrdata.jar;C:\jdk1.8.0_92\jre\lib\ext\dnsns.jar;C:\jdk1.8.0_92\jre\lib\ext\jaccess.jar;C:\jdk1.8.0_92\jre\lib\ext\jfxrt.jar;C:\jdk1.8.0_92\jre\lib\ext\localedata.jar;C:\jdk1.8.0_92\jre\lib\ext\nashorn.jar;C:\jdk1.8.0_92\jre\lib\ext\sunec.jar;C:\jdk1.8.0_92\jre\lib\ext\sunjce_provider.jar;C:\jdk1.8.0_92\jre\lib\ext\sunmscapi.jar;C:\jdk1.8.0_92\jre\lib\ext\sunpkcs11.jar;C:\jdk1.8.0_92\jre\lib\ext\zipfs.jar
  Application Classpath   = C:\NetBeans 8.0.1\platform\lib\boot.jar;C:\NetBeans 8.0.1\platform\lib\org-openide-modules.jar;C:\NetBeans 8.0.1\platform\lib\org-openide-util-lookup.jar;C:\NetBeans 8.0.1\platform\lib\org-openide-util.jar;C:\NetBeans 8.0.1\platform\lib\locale\boot_ja.jar;C:\NetBeans 8.0.1\platform\lib\locale\boot_pt_BR.jar;C:\NetBeans 8.0.1\platform\lib\locale\boot_ru.jar;C:\NetBeans 8.0.1\platform\lib\locale\boot_zh_CN.jar;C:\NetBeans 8.0.1\platform\lib\locale\org-openide-modules_ja.jar;C:\NetBeans 8.0.1\platform\lib\locale\org-openide-modules_pt_BR.jar;C:\NetBeans 8.0.1\platform\lib\locale\org-openide-modules_ru.jar;C:\NetBeans 8.0.1\platform\lib\locale\org-openide-modules_zh_CN.jar;C:\NetBeans 8.0.1\platform\lib\locale\org-openide-util-lookup_ja.jar;C:\NetBeans 8.0.1\platform\lib\locale\org-openide-util-lookup_pt_BR.jar;C:\NetBeans 8.0.1\platform\lib\locale\org-openide-util-lookup_ru.jar;C:\NetBeans 8.0.1\platform\lib\locale\org-openide-util-lookup_zh_CN.jar;C:\NetBeans 8.0.1\platform\lib\locale\org-openide-util_ja.jar;C:\NetBeans 8.0.1\platform\lib\locale\org-openide-util_pt_BR.jar;C:\NetBeans 8.0.1\platform\lib\locale\org-openide-util_ru.jar;C:\NetBeans 8.0.1\platform\lib\locale\org-openide-util_zh_CN.jar;C:\jdk1.8.0_92\lib\dt.jar;C:\jdk1.8.0_92\lib\tools.jar
  Startup Classpath       = C:\NetBeans 8.0.1\platform\core\core.jar;C:\NetBeans 8.0.1\platform\core\org-openide-filesystems.jar;C:\NetBeans 8.0.1\platform\core\locale\core_ja.jar;C:\NetBeans 8.0.1\platform\core\locale\core_pt_BR.jar;C:\NetBeans 8.0.1\platform\core\locale\core_ru.jar;C:\NetBeans 8.0.1\platform\core\locale\core_zh_CN.jar;C:\NetBeans 8.0.1\platform\core\locale\org-openide-filesystems_ja.jar;C:\NetBeans 8.0.1\platform\core\locale\org-openide-filesystems_pt_BR.jar;C:\NetBeans 8.0.1\platform\core\locale\org-openide-filesystems_ru.jar;C:\NetBeans 8.0.1\platform\core\locale\org-openide-filesystems_zh_CN.jar;C:\NetBeans 8.0.1\nb\core\org-netbeans-upgrader.jar;C:\NetBeans 8.0.1\nb\core\locale\core_nb.jar;C:\NetBeans 8.0.1\nb\core\locale\core_nb_ja.jar;C:\NetBeans 8.0.1\nb\core\locale\core_nb_pt_BR.jar;C:\NetBeans 8.0.1\nb\core\locale\core_nb_ru.jar;C:\NetBeans 8.0.1\nb\core\locale\core_nb_zh_CN.jar;C:\NetBeans 8.0.1\nb\core\locale\org-netbeans-upgrader_ja.jar;C:\NetBeans 8.0.1\nb\core\locale\org-netbeans-upgrader_pt_BR.jar;C:\NetBeans 8.0.1\nb\core\locale\org-netbeans-upgrader_ru.jar;C:\NetBeans 8.0.1\nb\core\locale\org-netbeans-upgrader_zh_CN.jar
-------------------------------------------------------------------------------
INFO [org.netbeans.modules.netbinox]: Install area set to file:/C:/NetBeans 8.0.1/
WARNING [org.netbeans.core.modules]: the modules [org.netbeans.modules.xml.text] use org.netbeans.modules.editor.deprecated.pre65formatting which is deprecated.
WARNING [org.netbeans.core.modules]: the modules [org.netbeans.modules.ide.kit, org.netbeans.modules.xml.text] use org.netbeans.modules.editor.structure which is deprecated.
INFO [org.netbeans.core.startup.NbEvents]: Turning on modules:
	org.openide.util.lookup [8.25.1 201408251540]
	org.openide.util [8.39.1 201408251540]
	org.openide.modules [7.43.1 201408251540]
	org.netbeans.api.annotations.common/1 [1.24.1 201408251540]
	org.openide.filesystems [8.12.1 201408251540]
	org.openide.awt [7.62.1 201408251540]
	org.netbeans.api.progress/1 [1.38.1 201408251540]
	org.openide.dialogs [7.38.1 201408251540]
	org.openide.nodes [7.39.1 201408251540]
	org.openide.windows [6.71.1 201408251540]
	org.netbeans.modules.editor.mimelookup/1 [1.36.1 201408251540]
	org.openide.text [6.62.1 201408251540]
	org.netbeans.swing.tabcontrol [1.51.1 201408251540]
	org.netbeans.swing.outline [1.30.1 201408251540]
	org.openide.explorer [6.57.1 201408251540]
	org.openide.actions [6.35.1 201408251540]
	org.netbeans.modules.queries/1 [1.39.1 201408251540]
	org.openide.loaders [7.57.1 201408251540]
	org.openide.io [1.45.1 201408251540]
	org.openide.execution [1.36.1 201408251540]
	org.netbeans.upgrader [4.31.1 201408251540]
	org.netbeans.swing.plaf [1.37.1 201408251540]
	org.netbeans.modules.projectapi/1 [1.60.1 201408251540]
	org.netbeans.swing.dirchooser [1.25.1 201408251540]
	org.netbeans.spi.viewmodel/2 [1.46.1 201408251540]
	org.netbeans.spi.tasklist/1 [1.30.1.1 1 201408251540]
	org.netbeans.spi.quicksearch [1.23.1 201408251540]
	org.netbeans.spi.palette/1 [1.42.1 201408251540]
	org.netbeans.spi.navigator/1 [1.33.1 201408251540]
	org.netbeans.modules.editor.settings/1 [1.53.1 201408251540]
	org.netbeans.modules.editor.util/1 [1.58.1 201408251540]
	org.netbeans.modules.lexer/2 [1.59.1.1 1 201408251540]
	org.netbeans.modules.editor.lib2/1 [1.85.1.43 43 201408251540]
	org.netbeans.modules.keyring [1.20.1 201408251540]
	org.netbeans.bootstrap/1 [2.69.1 201408251540]
	org.netbeans.core.startup/1 [1.55.1 201408251540]
	org.netbeans.modules.sampler [1.10.1 201408251540]
	org.netbeans.core/2 [3.46.1 201408251540]
	org.netbeans.modules.options.api/1 [1.41.1 201408251540]
	org.netbeans.modules.options.keymap [1.31.1 201408251540]
	org.netbeans.modules.editor.settings.storage/1 [1.45.1 201408251540]
	org.netbeans.modules.editor.fold/1 [1.40.1 201408251540]
	org.netbeans.modules.editor.indent/2 [1.37.1 201408251540]
	org.netbeans.modules.editor.lib/3 [3.49.1.22.43 22 201408251540]
	org.netbeans.spi.editor.hints/0 [1.35.1.7.43 7 201408251540]
	org.netbeans.modules.projectuiapi/1 [1.78.1.8 8 201408251540]
	org.netbeans.modules.editor.tools.storage [1.4.1 201408251540]
	org.netbeans.modules.editor.fold.nbui [1.7.1.43 201408251540]
	org.netbeans.modules.editor/3 [1.79.1.5.22.43 5 201408251540]
	org.netbeans.modules.options.editor/1 [1.51.1 201408251540]
	org.netbeans.spi.editor.hints.projects [1.7.1.1.7 1 201408251540]
	org.netbeans.api.debugger/1 [1.46.1 201408251540]
	org.netbeans.spi.debugger.ui/1 [2.46.1 201408251540]
	org.netbeans.core.multiview/1 [1.40.1 201408251540]
	org.netbeans.api.xml/1 [1.39.1 201408251540]
	org.netbeans.modules.xml.core/2 [1.39.1.4 4 201408251540]
	org.netbeans.modules.xml.xam/1 [1.28.1.1 1 201408251540]
	org.apache.xml.resolver [1.28.1.12 12 201408251540]
	org.netbeans.modules.xml.retriever/1 [1.27.1 201408251540]
	org.netbeans.modules.xml.schema.model/1 [1.28.1.1 1 201408251540]
	org.netbeans.modules.xml.axi [1.27.1 201408251540]
	org.netbeans.modules.editor.bracesmatching/0 [1.34.1.43 201408251540]
	org.netbeans.modules.editor.deprecated.pre65formatting/0 [1.23.1.1.5.22.43 1 201408251540]
	org.netbeans.modules.editor.errorstripe.api/1 [2.29.1.1 1 201408251540]
	org.netbeans.api.java.classpath/1 [1.42.1 201408251540]
	org.netbeans.modules.editor.errorstripe/2 [2.30.1.1.1 1 201408251540]
	org.netbeans.modules.diff/1 [1.47.1.42.1 42 201408251540]
	org.netbeans.modules.editor.guards/1 [1.26.1 201408251540]
	org.netbeans.modules.project.indexingbridge [1.13.1 201408251540]
	org.netbeans.modules.masterfs/2 [2.48.1 201408251540]
	org.netbeans.libs.lucene/3 [3.16.1 201408251540]
	org.netbeans.modules.parsing.lucene/2 [2.28.1.1 1 201408251540]
	org.netbeans.modules.parsing.api/1 [1.78.1.8 8 201408251540]
	org.netbeans.modules.refactoring.api [1.40.1.1 1 201408251540]
	org.netbeans.modules.editor.completion/1 [1.40.1.2 2 201408251540]
	org.netbeans.modules.editor.codetemplates/1 [1.38.1.1 1 201408251540]
	org.netbeans.modules.editor.breadcrumbs/0 [1.12.1 201408251540]
	org.netbeans.core.ui/1 [1.41.1 201408251540]
	org.netbeans.api.search [1.17.1 201408251540]
	org.netbeans.modules.jumpto/1 [1.42.1.1 1 201408251540]
	org.netbeans.modules.editor.actions/1 [1.26.1.43 201408251540]
	org.netbeans.modules.csl.api/2 [2.47.1.2.1.1.8 2 201408251540]
	org.netbeans.modules.editor.structure/1 [1.43.1.1 1 201408251540]
	org.netbeans.modules.xml.lexer [1.26.1 201408251540]
	org.netbeans.modules.xml.text/2 [1.44.1 201408251540]
	org.netbeans.modules.xml [1.27.1 201408251540]
	org.netbeans.modules.servletapi/1 [1.36.1 201408251540]
	org.netbeans.modules.httpserver/2 [2.32.1.42 42 201408251540]
	org.netbeans.modules.xsl/1 [1.39.1 201408251540]
	org.netbeans.modules.xml.xdm/1 [1.29.1.1 1 201408251540]
	org.netbeans.libs.xerces/1 [1.35.1.281 281 201408251540]
	org.netbeans.modules.xml.tax/2 [1.39.1.281 201408251540]
	org.netbeans.modules.xml.tools/2 [1.39.1 201408251540]
	org.netbeans.modules.xml.schema.completion [1.26.1 201408251540]
	org.netbeans.modules.xml.catalog/2 [1.37.1.4 4 201408251540]
	org.netbeans.core.execution/1 [1.37.1 201408251540]
	org.netbeans.modules.sendopts/2 [2.31.1 201408251540]
	org.netbeans.modules.favorites/1 [1.40.1 201408251540]
	org.netbeans.modules.projectui [1.53.1.8 201408251540]
	org.netbeans.modules.welcome/1 [1.38.1 201408251540]
	org.netbeans.libs.json_simple/1 [0.9.1 201408251540]
	org.netbeans.modules.web.webkit.debugging [1.36.1 201408251540]
	org.netbeans.modules.web.common [1.70.1 201408251540]
	org.netbeans.modules.web.indent [1.16.1 201408251540]
	org.netbeans.modules.extexecution/2 [1.42.1 201408251540]
	org.netbeans.modules.extbrowser/1 [1.48.1 201408251540]
	org.netbeans.modules.settings/1 [1.45.1 201408251540]
	org.netbeans.core.windows/2 [2.77.1 201408251540]
	org.netbeans.modules.web.browser.api [1.40.1 201408251540]
	org.netbeans.modules.versioning.core/1 [1.21.1.1.42 1 201408251540]
	org.netbeans.modules.versioning/1 [1.43.1.1 1 201408251540]
	org.netbeans.modules.spellchecker.apimodule [1.21.1 201408251540]
	org.netbeans.modules.versioning.util [1.60.1.42.1 201408251540]
	org.netbeans.modules.team.commons [1.42.1 201408251540]
	org.netbeans.modules.versioning.ui/1 [1.18.1.42.1 201408251540]
	org.netbeans.modules.autoupdate.services [1.47.1 201408251540]
	org.netbeans.modules.autoupdate.ui [1.41.1 201408251540]
	org.netbeans.modules.versioning.system.cvss.installer [1.12.1 201408251540]
	org.netbeans.modules.versioning.masterfs [1.10.1 201408251540]
	org.netbeans.modules.versioning.indexingbridge/0 [1.21.1 201408251540]
	org.netbeans.modules.utilities/1 [1.56.1 201408251540]
	org.netbeans.modules.utilities.project/1 [1.34.1 201408251540]
	org.netbeans.modules.javahelp/1 [2.37.1 201408251540]
	org.netbeans.modules.usersguide/1 [1.45.1 201408251540]
	org.netbeans.modules.updatecenters/1 [1.36.1 201408251540]
	org.netbeans.lib.uihandler [1.41.1 201408251540]
	org.netbeans.modules.uihandler [2.31.1 201408251540]
	org.netbeans.modules.uihandler.exceptionreporter [1.25.1 201408251540]
	org.netbeans.lib.terminalemulator [1.31.2 201408251540]
	org.netbeans.modules.terminal [1.19.1 201408251540]
	org.netbeans.modules.templates/1 [1.3.1 201408251540]
	org.netbeans.libs.swingx/1 [1.24.1 201408251540]
	org.netbeans.modules.team.ide [1.9.1 201408251540]
	org.netbeans.modules.tasklist.ui/1 [1.27.1.1.1 1 201408251540]
	org.netbeans.modules.tasklist.todo/1 [1.27.1.1 1 201408251540]
	org.netbeans.modules.tasklist.projectint/1 [1.25.1 201408251540]
	org.netbeans.modules.tasklist.kit [1.25.1 201408251540]
	org.netbeans.libs.ini4j/1 [1.27.1 201408251540]
	org.netbeans.libs.svnClientAdapter/1 [1.36.1 201408251540]
	org.netbeans.modules.subversion [1.37.1.42.1 201408251540]
	org.netbeans.modules.editor.plain.lib/1 [1.30.1 201408251540]
	org.netbeans.modules.spellchecker [1.31.1.1.7 1 201408251540]
	org.netbeans.modules.spellchecker.kit [1.22.1 201408251540]
	org.netbeans.modules.spellchecker.dictionary_en [1.19.1 201408251540]
	org.netbeans.modules.properties/1 [1.50.1 201408251540]
	org.netbeans.modules.properties.syntax/1 [1.46.1 201408251540]
	org.netbeans.modules.spellchecker.bindings.properties [1.18.1 201408251540]
	org.netbeans.modules.html.lexer/1 [1.35.1 201408251540]
	org.netbeans.modules.spellchecker.bindings.htmlxml [1.23.1 201408251540]
	org.netbeans.core.ide/1 [1.37.1 201408251540]
	org.netbeans.modules.server/0 [1.29.1 201408251540]
	org.netbeans.modules.project.libraries/1 [1.47.1 201408251540]
	org.netbeans.modules.project.ant/1 [1.60.1 201408251540]
	org.netbeans.modules.progress.ui [1.29.1 201408251540]
	org.netbeans.modules.print.editor [7.23.1 201408251540]
	org.netbeans.modules.print [7.22.1 201408251540]
	org.netbeans.modules.parsing.ui [1.10.1 201408251540]
	org.netbeans.modules.notifications [1.4.1 201408251540]
	org.netbeans.libs.osgi [1.18.1 201408251540]
	org.netbeans.core.netigso [1.27.1 201408251540]
	org.netbeans.modules.netbinox [1.36.1 201408251540]
	org.eclipse.mylyn.commons.net [3.10.0 3.10.0.20131018-1210]
	org.eclipse.mylyn.tasks.core [3.10.0 3.10.0.20131010-2023]
	org.eclipse.core.jobs [3.5.101 3.5.101.v20120113-1953]
	org.eclipse.mylyn.wikitext.core [1.9.0 1.9.0.20131007-2055]
	org.netbeans.modules.bugtracking [1.102.1 201408251540]
	org.eclipse.equinox.common [3.6.0 3.6.0.v20110523]
	org.eclipse.core.runtime [3.7.0 3.7.0.v20110110]
	org.netbeans.modules.mylyn.util [1.28.1 201408251540]
	org.netbeans.modules.mercurial [1.38.1.42.1 201408251540]
	org.netbeans.libs.jna/1 [1.38.1 201408251540]
	org.netbeans.modules.masterfs.windows [1.13.1 201408251540]
	org.netbeans.modules.masterfs.nio2 [1.12.1 201408251540]
	org.netbeans.modules.bugtracking.commons [1.3.1 201408251540]
	org.netbeans.modules.localtasks [1.21.1 201408251540]
	org.netbeans.modules.localhistory [1.30.1 201408251540]
	org.netbeans.modules.lexer.nbbridge/1 [1.28.1.1 201408251540]
	org.netbeans.libs.bytelist/1 [0.24.1.1 1 201408251540]
	org.netbeans.libs.jvyamlb/1 [0.26.1 201408251540]
	org.netbeans.modules.languages.yaml [2.28.1 201408251540]
	org.netbeans.modules.languages.manifest [1.28.1 201408251540]
	org.netbeans.modules.languages.diff [1.29.1 201408251540]
	org.netbeans.modules.keyring.fallback [1.4.1 201408251540]
	org.netbeans.modules.keyring.impl [1.20.1 201408251540]
	org.netbeans.modules.html.editor.lib/3 [3.27.1 201408251540]
	org.netbeans.libs.antlr3.runtime [1.18.1.1 1 201408251540]
	org.netbeans.modules.css.lib/1 [1.72.1 201408251540]
	org.netbeans.modules.css.model [1.27.1 201408251540]
	org.netbeans.modules.css.editor/1 [1.62.1 201408251540]
	org.netbeans.modules.html/1 [1.56.1 201408251540]
	org.netbeans.modules.html.editor/2 [2.49.1 201408251540]
	org.netbeans.libs.nashorn/1 [1.16.1 201408251540]
	org.netbeans.modules.javascript2.editor/1 [0.44.1 201408251540]
	org.netbeans.modules.javascript2.requirejs [0.1.1 201408251540]
	org.netbeans.modules.javascript2.prototypejs [0.1.1 201408251540]
	org.netbeans.modules.javascript2.knockout [1.4.1 201408251540]
	org.netbeans.modules.javascript2.extjs [1.4.1 201408251540]
	org.netbeans.modules.javascript2.jquery [1.4.1 201408251540]
	org.netbeans.modules.javascript2.kit/1 [0.9.1 201408251540]
	org.netbeans.modules.image/1 [1.44.1 201408251540]
	org.netbeans.core.multitabs/1 [1.8.1.1 1 201408251540]
	org.netbeans.modules.editor.bookmarks/1 [1.33.1 201408251540]
	com.jcraft.jsch [0.1.49 0.1.49]
	org.netbeans.modules.dlight.nativeexecution [1.34.1.1 1 201408251540]
	org.netbeans.modules.dlight.terminal [1.19.1.1 1 201408251540]
	org.netbeans.core.multitabs.project [1.6.1.1.1 1 201408251540]
	org.netbeans.modules.editor.search [1.19.1.0.43 0 201408251540]
	org.apache.commons.logging [1.1.1 1.1.1]
	org.netbeans.modules.html.parser/1 [1.29.1.1 1 201408251540]
	org.netbeans.modules.html.validation/1 [1.26.1 201408251540]
	org.netbeans.core.output2/1 [1.37.1 201408251540]
	org.netbeans.modules.css.visual/3 [3.27.1 201408251540]
	org.netbeans.modules.editor.kit [1.29.1 201408251540]
	org.netbeans.modules.autoupdate.cli [1.9.1 201408251540]
	org.netbeans.libs.felix [2.12.1 201408251540]
	org.netbeans.modules.core.kit [1.26.1 201408251540]
	org.netbeans.modules.defaults/1 [1.28.1 201408251540]
	org.netbeans.modules.editor.macros/0 [1.27.1.1.22 1 201408251540]
	org.netbeans.modules.editor.plain/2 [1.31.1 201408251540]
	org.netbeans.modules.ide.kit [1.29.1 201408251540]
	org.netbeans.modules.ide.ergonomics [1.25.1 201408251540]
	org.netbeans.modules.autoupdate.pluginimporter [1.16.1 201408251540]
	org.netbeans.modules.deadlock.detector [1.2.1 201408251540]
	org.netbeans.modules.ide.branding/1 [1.29.1 201408251540]
	org.netbeans.modules.ide.branding.kit [1.25.1 201408251540]
	org.netbeans.modules.gsf.testrunner/1 [1.43.1 201408251540]
	org.netbeans.libs.commons_net/2 [2.17.1.33 33 201408251540]
	org.netbeans.modules.hudson [2.7.1 201408251540]
	org.netbeans.modules.hudson.ui [1.6.1 201408251540]
	org.netbeans.modules.hudson.tasklist [1.13.1 201408251540]
	org.netbeans.modules.hudson.subversion [1.25.1 201408251540]
	org.netbeans.modules.hudson.mercurial [1.25.1 201408251540]
	org.netbeans.modules.hudson.git [1.14.1 201408251540]
	org.netbeans.modules.html.knockout [1.6.1 201408251540]
	org.netbeans.modules.html.custom [1.2.1 201408251540]
	org.netbeans.core.browser/1 [1.24.1.1 1 201408251540]
	org.netbeans.modules.html.angular [1.7.1 201408251540]
	org.eclipse.jgit [3.4.1 3.4.1.201406201815-r]
	org.netbeans.libs.jna.platform/1 [1.8.1 201408251540]
	org.netbeans.libs.jsch.agentproxy/1 [0.9.1 201408251540]
	org.netbeans.libs.git/1 [1.27.1 201408251540]
	org.netbeans.modules.git [1.16.1.1 201408251540]
	org.apache.commons.io [1.4 1.4]
	org.netbeans.modules.extexecution.impl [1.21.1 201408251540]
	org.netbeans.modules.editor.mimelookup.impl/1 [1.27.1 201408251540]
	org.netbeans.modules.editor.indent.project/0 [1.18.1 201408251540]
	org.netbeans.modules.editor.global.format/1 [1.11.1.1 1 201408251540]
	org.netbeans.modules.db.metadata.model/1 [1.7.1 201408251540]
	org.netbeans.modules.db/1 [1.61.1.30 30 201408251540]
	org.netbeans.modules.dbapi [1.30.1.30 201408251540]
	org.netbeans.modules.derby [1.36.1 201408251540]
	org.netbeans.api.visual [2.43.1 201408251540]
	org.netbeans.modules.db.sql.visualeditor/1 [2.27.1.30 201408251540]
	org.netbeans.modules.db.dataview [1.25.1 201408251540]
	org.netbeans.modules.db.core [1.32.1 201408251540]
	org.netbeans.modules.db.sql.editor [1.32.1.30 201408251540]
	org.netbeans.modules.db.mysql [0.24.1.2 2 201408251540]
	org.netbeans.modules.db.drivers [1.26.1 201408251540]
	org.netbeans.modules.db.kit [1.27.1 201408251540]
	org.netbeans.modules.css.prep [1.21.1 201408251540]
	org.eclipse.mylyn.bugzilla.core [3.10.0 3.10.0.20131024-1218]
	org.apache.commons.httpclient [3.1.0 3.1.0]
	org.netbeans.modules.bugzilla [1.72.1 201408251540]
	org.netbeans.modules.bugzilla.exceptionreporter [1.20.1 201408251540]
	org.netbeans.modules.bugtracking.bridge [1.41.1 201408251540]
	org.netbeans.libs.svnClientAdapter.svnkit/1 [1.21.1 201408251540]
	org.netbeans.libs.svnClientAdapter.javahl/1 [1.20.1 201408251540]
	org.netbeans.libs.javafx [2.4.1 201408251540]
	org.netbeans.libs.freemarker/1 [2.30.1.238 238 201408251540]
	org.netbeans.core.network [1.6.1 201408251540]
	org.netbeans.core.nativeaccess/1 [1.27.1 201408251540]
	org.netbeans.core.io.ui/1 [1.26.1 201408251540]
	org.netbeans.core.browser.webview/1 [1.11.1.1.1 1 201408251540]
	org.eclipse.mylyn.commons.xmlrpc [3.10.0 3.10.0.20130704-2116]
	org.eclipse.mylyn.commons.repositories.core [1.2.0 1.2.0.20130704-2116]
	org.eclipse.mylyn.commons.core [3.10.0 3.10.0.20130926-1710]
	org.eclipse.equinox.security [1.1.1 1.1.1.R37x_v20110822-1018]
	org.eclipse.equinox.registry [3.5.200 3.5.200.v20120522-1841]
	org.eclipse.equinox.preferences [3.4.2 3.4.2.v20120111-2020]
	org.eclipse.equinox.app [1.3.100 1.3.100.v20110321]
	org.eclipse.core.runtime.compatibility.auth [3.2.200 3.2.200.v20110110]
	org.eclipse.core.net [1.2.100 1.2.100.I20110511-0800]
	org.eclipse.core.contenttype [3.4.100 3.4.100.v20110423-0524]
	org.apache.xmlrpc [3.0.0 3.0.0]
	org.apache.ws.commons.util [1.0.1 1.0.1]
	org.apache.commons.lang [2.4.0 2.4.0]
	org.apache.commons.codec [1.3.0 1.3.0]
	javaewah.dummy [0.7.9 0.7.9]
	com.jcraft.jzlib [1.0.7 1.0.7]
INFO [org.netbeans.core.network.proxy.NetworkProxyReloader]: System network proxy resolver: Windows
INFO [org.netbeans.core.network.proxy.NetworkProxyReloader]: System network proxy reloading succeeded.
INFO [org.netbeans.core.network.proxy.NetworkProxyReloader]: System network proxy - mode: direct
INFO [org.netbeans.core.network.proxy.NetworkProxyReloader]: System network proxy: fell to default (correct if direct mode went before)
INFO [org.netbeans.core.netigso.Netigso]: bundle org.eclipse.mylyn.wikitext.confluence.core@1.9.0.20131007-2055 resolved
INFO [org.netbeans.core.netigso.Netigso]: bundle org.eclipse.mylyn.wikitext.textile.core@1.9.0.20131007-2055 resolved
INFO [org.netbeans.core.netigso.Netigso]: bundle org.eclipse.jgit.java7@3.4.1.201406201815-r resolved
INFO [org.netbeans.core.netigso.Netigso]: bundle org.eclipse.osgi@3.9.1.v20140110-1610 started
INFO [org.netbeans.modules.autoupdate.updateprovider.DownloadListener]: Reading URL http://updates.netbeans.org/netbeans/updates/8.0.1/uc/final/distribution/catalog.xml.gz?unique=0 failed (java.net.UnknownHostException: updates.netbeans.org)
